<?xml version="1.0" encoding="UTF-8"?>
<!-- Generated by org.testng.reporters.JUnitXMLReporter -->
<testsuite ignored="0" hostname="IA-977-Wilson" failures="0" tests="5" name="Default test" time="3.38" errors="0" timestamp="2020-05-22T00:57:56 IST">
  <testcase classname="Paytm" name="GetStatusCode" time="1.567"/>
  <testcase classname="Paytm" name="MoviePosterURL" time="0.368"/>
  <testcase classname="Paytm" name="Moviereleasedate" time="0.312"/>
  <testcase classname="Paytm" name="Paytmmoviecode" time="0.331"/>
  <testcase classname="Paytm" name="writemovies" time="0.766"/>
</testsuite> <!-- Default test -->
