<?xml version="1.0" encoding="UTF-8"?>
<testng-results ignored="0" total="5" passed="5" failed="0" skipped="0">
  <reporter-output>
  </reporter-output>
  <suite started-at="2020-05-22T00:57:53 IST" name="Default suite" finished-at="2020-05-22T00:57:56 IST" duration-ms="3380">
    <groups>
    </groups>
    <test started-at="2020-05-22T00:57:53 IST" name="Default test" finished-at="2020-05-22T00:57:56 IST" duration-ms="3380">
      <class name="Paytm">
        <test-method signature="GetStatusCode()[pri:0, instance:Paytm@71c8becc]" started-at="2020-05-22T00:57:53 IST" name="GetStatusCode" finished-at="2020-05-22T00:57:55 IST" duration-ms="1567" status="PASS">
          <reporter-output>
          </reporter-output>
        </test-method> <!-- GetStatusCode -->
        <test-method signature="MoviePosterURL()[pri:0, instance:Paytm@71c8becc]" started-at="2020-05-22T00:57:55 IST" name="MoviePosterURL" finished-at="2020-05-22T00:57:55 IST" duration-ms="368" status="PASS">
          <reporter-output>
          </reporter-output>
        </test-method> <!-- MoviePosterURL -->
        <test-method signature="Moviereleasedate()[pri:0, instance:Paytm@71c8becc]" started-at="2020-05-22T00:57:55 IST" name="Moviereleasedate" finished-at="2020-05-22T00:57:55 IST" duration-ms="312" status="PASS">
          <reporter-output>
          </reporter-output>
        </test-method> <!-- Moviereleasedate -->
        <test-method signature="Paytmmoviecode()[pri:0, instance:Paytm@71c8becc]" started-at="2020-05-22T00:57:55 IST" name="Paytmmoviecode" finished-at="2020-05-22T00:57:56 IST" duration-ms="331" status="PASS">
          <reporter-output>
          </reporter-output>
        </test-method> <!-- Paytmmoviecode -->
        <test-method signature="writemovies()[pri:0, instance:Paytm@71c8becc]" started-at="2020-05-22T00:57:56 IST" name="writemovies" finished-at="2020-05-22T00:57:56 IST" duration-ms="766" status="PASS">
          <reporter-output>
          </reporter-output>
        </test-method> <!-- writemovies -->
      </class> <!-- Paytm -->
    </test> <!-- Default test -->
  </suite> <!-- Default suite -->
</testng-results>
